{"C:\\Users\\P\\react\\musaProjekti\\backend\\app.js": {"path":"C:\\Users\\P\\react\\musaProjekti\\backend\\app.js","statementMap":{"0":{"start":{"line":1,"column":15},"end":{"line":1,"column":40}},"1":{"start":{"line":2,"column":16},"end":{"line":2,"column":34}},"2":{"start":{"line":3,"column":12},"end":{"line":3,"column":21}},"3":{"start":{"line":4,"column":13},"end":{"line":4,"column":28}},"4":{"start":{"line":6,"column":19},"end":{"line":6,"column":49}},"5":{"start":{"line":7,"column":20},"end":{"line":7,"column":50}},"6":{"start":{"line":8,"column":22},"end":{"line":8,"column":55}},"7":{"start":{"line":10,"column":15},"end":{"line":10,"column":40}},"8":{"start":{"line":11,"column":19},"end":{"line":11,"column":48}},"9":{"start":{"line":12,"column":17},"end":{"line":12,"column":36}},"10":{"start":{"line":14,"column":0},"end":{"line":14,"column":48}},"11":{"start":{"line":16,"column":0},"end":{"line":22,"column":4}},"12":{"start":{"line":18,"column":4},"end":{"line":18,"column":39}},"13":{"start":{"line":21,"column":4},"end":{"line":21,"column":63}},"14":{"start":{"line":24,"column":0},"end":{"line":24,"column":15}},"15":{"start":{"line":25,"column":0},"end":{"line":25,"column":32}},"16":{"start":{"line":26,"column":0},"end":{"line":26,"column":23}},"17":{"start":{"line":28,"column":0},"end":{"line":28,"column":33}},"18":{"start":{"line":30,"column":0},"end":{"line":30,"column":33}},"19":{"start":{"line":31,"column":0},"end":{"line":31,"column":34}},"20":{"start":{"line":32,"column":0},"end":{"line":32,"column":39}},"21":{"start":{"line":34,"column":0},"end":{"line":37,"column":1}},"22":{"start":{"line":35,"column":24},"end":{"line":35,"column":56}},"23":{"start":{"line":36,"column":2},"end":{"line":36,"column":40}},"24":{"start":{"line":39,"column":0},"end":{"line":39,"column":35}},"25":{"start":{"line":40,"column":0},"end":{"line":40,"column":32}},"26":{"start":{"line":42,"column":0},"end":{"line":42,"column":20}}},"fnMap":{"0":{"name":"(anonymous_0)","decl":{"start":{"line":17,"column":8},"end":{"line":17,"column":9}},"loc":{"start":{"line":17,"column":14},"end":{"line":19,"column":3}},"line":17},"1":{"name":"(anonymous_1)","decl":{"start":{"line":20,"column":9},"end":{"line":20,"column":10}},"loc":{"start":{"line":20,"column":20},"end":{"line":22,"column":3}},"line":20}},"branchMap":{"0":{"loc":{"start":{"line":34,"column":0},"end":{"line":37,"column":1}},"type":"if","locations":[{"start":{"line":34,"column":0},"end":{"line":37,"column":1}},{"start":{"line":34,"column":0},"end":{"line":37,"column":1}}],"line":34}},"s":{"0":1,"1":1,"2":1,"3":1,"4":1,"5":1,"6":1,"7":1,"8":1,"9":1,"10":1,"11":1,"12":1,"13":0,"14":1,"15":1,"16":1,"17":1,"18":1,"19":1,"20":1,"21":1,"22":1,"23":1,"24":1,"25":1,"26":1},"f":{"0":1,"1":0},"b":{"0":[1,0]},"_coverageSchema":"1a1c01bbd47fc00a2c39e90264f33305004495a9","hash":"f138c19ce1a4ef13fc7c471d2a53b5dda4dea304"}
,"C:\\Users\\P\\react\\musaProjekti\\backend\\controllers\\login.js": {"path":"C:\\Users\\P\\react\\musaProjekti\\backend\\controllers\\login.js","statementMap":{"0":{"start":{"line":1,"column":20},"end":{"line":1,"column":47}},"1":{"start":{"line":2,"column":15},"end":{"line":2,"column":32}},"2":{"start":{"line":3,"column":12},"end":{"line":3,"column":35}},"3":{"start":{"line":5,"column":13},"end":{"line":5,"column":38}},"4":{"start":{"line":7,"column":0},"end":{"line":35,"column":2}},"5":{"start":{"line":9,"column":15},"end":{"line":9,"column":23}},"6":{"start":{"line":11,"column":15},"end":{"line":13,"column":25}},"7":{"start":{"line":14,"column":28},"end":{"line":16,"column":11}},"8":{"start":{"line":18,"column":2},"end":{"line":23,"column":3}},"9":{"start":{"line":19,"column":4},"end":{"line":22,"column":8}},"10":{"start":{"line":25,"column":20},"end":{"line":28,"column":3}},"11":{"start":{"line":30,"column":16},"end":{"line":30,"column":55}},"12":{"start":{"line":32,"column":2},"end":{"line":34,"column":76}},"13":{"start":{"line":37,"column":0},"end":{"line":37,"column":28}}},"fnMap":{"0":{"name":"(anonymous_0)","decl":{"start":{"line":7,"column":22},"end":{"line":7,"column":23}},"loc":{"start":{"line":7,"column":42},"end":{"line":35,"column":1}},"line":7}},"branchMap":{"0":{"loc":{"start":{"line":14,"column":28},"end":{"line":16,"column":11}},"type":"cond-expr","locations":[{"start":{"line":15,"column":6},"end":{"line":15,"column":60}},{"start":{"line":16,"column":6},"end":{"line":16,"column":11}}],"line":14},"1":{"loc":{"start":{"line":18,"column":2},"end":{"line":23,"column":3}},"type":"if","locations":[{"start":{"line":18,"column":2},"end":{"line":23,"column":3}},{"start":{"line":18,"column":2},"end":{"line":23,"column":3}}],"line":18},"2":{"loc":{"start":{"line":18,"column":8},"end":{"line":18,"column":33}},"type":"binary-expr","locations":[{"start":{"line":18,"column":8},"end":{"line":18,"column":12}},{"start":{"line":18,"column":16},"end":{"line":18,"column":33}}],"line":18}},"s":{"0":1,"1":1,"2":1,"3":1,"4":1,"5":4,"6":4,"7":4,"8":4,"9":2,"10":2,"11":2,"12":2,"13":1},"f":{"0":4},"b":{"0":[3,1],"1":[2,2],"2":[4,3]},"_coverageSchema":"1a1c01bbd47fc00a2c39e90264f33305004495a9","hash":"f7edefac306a564060614913e9102e0e1b2b817b"}
,"C:\\Users\\P\\react\\musaProjekti\\backend\\controllers\\sessions.js": {"path":"C:\\Users\\P\\react\\musaProjekti\\backend\\controllers\\sessions.js","statementMap":{"0":{"start":{"line":1,"column":22},"end":{"line":1,"column":49}},"1":{"start":{"line":2,"column":12},"end":{"line":2,"column":35}},"2":{"start":{"line":3,"column":16},"end":{"line":3,"column":44}},"3":{"start":{"line":4,"column":13},"end":{"line":4,"column":38}},"4":{"start":{"line":6,"column":24},"end":{"line":13,"column":1}},"5":{"start":{"line":7,"column":15},"end":{"line":7,"column":39}},"6":{"start":{"line":8,"column":2},"end":{"line":10,"column":3}},"7":{"start":{"line":9,"column":4},"end":{"line":9,"column":28}},"8":{"start":{"line":12,"column":2},"end":{"line":12,"column":13}},"9":{"start":{"line":15,"column":0},"end":{"line":67,"column":2}},"10":{"start":{"line":16,"column":15},"end":{"line":16,"column":23}},"11":{"start":{"line":18,"column":2},"end":{"line":22,"column":3}},"12":{"start":{"line":19,"column":4},"end":{"line":21,"column":6}},"13":{"start":{"line":24,"column":16},"end":{"line":24,"column":36}},"14":{"start":{"line":26,"column":2},"end":{"line":49,"column":3}},"15":{"start":{"line":28,"column":25},"end":{"line":28,"column":62}},"16":{"start":{"line":29,"column":4},"end":{"line":31,"column":5}},"17":{"start":{"line":30,"column":6},"end":{"line":30,"column":72}},"18":{"start":{"line":32,"column":15},"end":{"line":32,"column":51}},"19":{"start":{"line":34,"column":20},"end":{"line":41,"column":6}},"20":{"start":{"line":42,"column":25},"end":{"line":42,"column":45}},"21":{"start":{"line":43,"column":4},"end":{"line":43,"column":58}},"22":{"start":{"line":44,"column":4},"end":{"line":44,"column":21}},"23":{"start":{"line":46,"column":4},"end":{"line":46,"column":35}},"24":{"start":{"line":48,"column":4},"end":{"line":48,"column":19}},"25":{"start":{"line":70,"column":0},"end":{"line":75,"column":2}},"26":{"start":{"line":71,"column":19},"end":{"line":73,"column":38}},"27":{"start":{"line":74,"column":2},"end":{"line":74,"column":53}},"28":{"start":{"line":74,"column":35},"end":{"line":74,"column":51}},"29":{"start":{"line":78,"column":0},"end":{"line":80,"column":2}},"30":{"start":{"line":79,"column":2},"end":{"line":79,"column":48}},"31":{"start":{"line":82,"column":0},"end":{"line":82,"column":30}}},"fnMap":{"0":{"name":"(anonymous_0)","decl":{"start":{"line":6,"column":24},"end":{"line":6,"column":25}},"loc":{"start":{"line":6,"column":31},"end":{"line":13,"column":1}},"line":6},"1":{"name":"(anonymous_1)","decl":{"start":{"line":15,"column":24},"end":{"line":15,"column":25}},"loc":{"start":{"line":15,"column":50},"end":{"line":67,"column":1}},"line":15},"2":{"name":"(anonymous_2)","decl":{"start":{"line":70,"column":23},"end":{"line":70,"column":24}},"loc":{"start":{"line":70,"column":43},"end":{"line":75,"column":1}},"line":70},"3":{"name":"(anonymous_3)","decl":{"start":{"line":74,"column":24},"end":{"line":74,"column":25}},"loc":{"start":{"line":74,"column":35},"end":{"line":74,"column":51}},"line":74},"4":{"name":"(anonymous_4)","decl":{"start":{"line":78,"column":27},"end":{"line":78,"column":28}},"loc":{"start":{"line":78,"column":41},"end":{"line":80,"column":1}},"line":78}},"branchMap":{"0":{"loc":{"start":{"line":8,"column":2},"end":{"line":10,"column":3}},"type":"if","locations":[{"start":{"line":8,"column":2},"end":{"line":10,"column":3}},{"start":{"line":8,"column":2},"end":{"line":10,"column":3}}],"line":8},"1":{"loc":{"start":{"line":8,"column":6},"end":{"line":8,"column":54}},"type":"binary-expr","locations":[{"start":{"line":8,"column":6},"end":{"line":8,"column":10}},{"start":{"line":8,"column":14},"end":{"line":8,"column":54}}],"line":8},"2":{"loc":{"start":{"line":18,"column":2},"end":{"line":22,"column":3}},"type":"if","locations":[{"start":{"line":18,"column":2},"end":{"line":22,"column":3}},{"start":{"line":18,"column":2},"end":{"line":22,"column":3}}],"line":18},"3":{"loc":{"start":{"line":29,"column":4},"end":{"line":31,"column":5}},"type":"if","locations":[{"start":{"line":29,"column":4},"end":{"line":31,"column":5}},{"start":{"line":29,"column":4},"end":{"line":31,"column":5}}],"line":29},"4":{"loc":{"start":{"line":29,"column":8},"end":{"line":29,"column":34}},"type":"binary-expr","locations":[{"start":{"line":29,"column":8},"end":{"line":29,"column":14}},{"start":{"line":29,"column":18},"end":{"line":29,"column":34}}],"line":29},"5":{"loc":{"start":{"line":36,"column":22},"end":{"line":36,"column":46}},"type":"binary-expr","locations":[{"start":{"line":36,"column":22},"end":{"line":36,"column":41}},{"start":{"line":36,"column":45},"end":{"line":36,"column":46}}],"line":36},"6":{"loc":{"start":{"line":37,"column":20},"end":{"line":37,"column":42}},"type":"binary-expr","locations":[{"start":{"line":37,"column":20},"end":{"line":37,"column":37}},{"start":{"line":37,"column":41},"end":{"line":37,"column":42}}],"line":37},"7":{"loc":{"start":{"line":38,"column":22},"end":{"line":38,"column":47}},"type":"binary-expr","locations":[{"start":{"line":38,"column":22},"end":{"line":38,"column":41}},{"start":{"line":38,"column":45},"end":{"line":38,"column":47}}],"line":38}},"s":{"0":1,"1":1,"2":1,"3":1,"4":1,"5":3,"6":3,"7":1,"8":2,"9":1,"10":3,"11":3,"12":0,"13":3,"14":3,"15":3,"16":1,"17":0,"18":1,"19":1,"20":1,"21":1,"22":1,"23":1,"24":2,"25":1,"26":1,"27":1,"28":1,"29":1,"30":0,"31":1},"f":{"0":3,"1":3,"2":1,"3":1,"4":0},"b":{"0":[1,2],"1":[3,2],"2":[0,3],"3":[0,1],"4":[1,1],"5":[1,0],"6":[1,1],"7":[1,0]},"_coverageSchema":"1a1c01bbd47fc00a2c39e90264f33305004495a9","hash":"befab51712dbb1c3c3b30b03072b0946678590ce"}
,"C:\\Users\\P\\react\\musaProjekti\\backend\\controllers\\testing.js": {"path":"C:\\Users\\P\\react\\musaProjekti\\backend\\controllers\\testing.js","statementMap":{"0":{"start":{"line":1,"column":15},"end":{"line":1,"column":42}},"1":{"start":{"line":2,"column":16},"end":{"line":2,"column":44}},"2":{"start":{"line":3,"column":13},"end":{"line":3,"column":38}},"3":{"start":{"line":5,"column":0},"end":{"line":10,"column":2}},"4":{"start":{"line":6,"column":2},"end":{"line":6,"column":30}},"5":{"start":{"line":7,"column":2},"end":{"line":7,"column":27}},"6":{"start":{"line":9,"column":2},"end":{"line":9,"column":28}},"7":{"start":{"line":12,"column":0},"end":{"line":12,"column":23}}},"fnMap":{"0":{"name":"(anonymous_0)","decl":{"start":{"line":5,"column":22},"end":{"line":5,"column":23}},"loc":{"start":{"line":5,"column":51},"end":{"line":10,"column":1}},"line":5}},"branchMap":{},"s":{"0":1,"1":1,"2":1,"3":1,"4":0,"5":0,"6":0,"7":1},"f":{"0":0},"b":{},"_coverageSchema":"1a1c01bbd47fc00a2c39e90264f33305004495a9","hash":"12348b34949eb350cf013ef77ab135e38eb24c5e"}
,"C:\\Users\\P\\react\\musaProjekti\\backend\\controllers\\users.js": {"path":"C:\\Users\\P\\react\\musaProjekti\\backend\\controllers\\users.js","statementMap":{"0":{"start":{"line":1,"column":15},"end":{"line":1,"column":32}},"1":{"start":{"line":2,"column":19},"end":{"line":2,"column":46}},"2":{"start":{"line":3,"column":13},"end":{"line":3,"column":38}},"3":{"start":{"line":5,"column":0},"end":{"line":30,"column":2}},"4":{"start":{"line":6,"column":15},"end":{"line":6,"column":23}},"5":{"start":{"line":7,"column":21},"end":{"line":7,"column":23}},"6":{"start":{"line":9,"column":2},"end":{"line":13,"column":3}},"7":{"start":{"line":10,"column":4},"end":{"line":12,"column":6}},"8":{"start":{"line":15,"column":23},"end":{"line":15,"column":67}},"9":{"start":{"line":17,"column":15},"end":{"line":21,"column":4}},"10":{"start":{"line":23,"column":2},"end":{"line":28,"column":3}},"11":{"start":{"line":24,"column":22},"end":{"line":24,"column":39}},"12":{"start":{"line":25,"column":4},"end":{"line":25,"column":23}},"13":{"start":{"line":27,"column":4},"end":{"line":27,"column":19}},"14":{"start":{"line":33,"column":0},"end":{"line":38,"column":2}},"15":{"start":{"line":34,"column":16},"end":{"line":36,"column":25}},"16":{"start":{"line":37,"column":2},"end":{"line":37,"column":44}},"17":{"start":{"line":37,"column":29},"end":{"line":37,"column":42}},"18":{"start":{"line":40,"column":0},"end":{"line":55,"column":2}},"19":{"start":{"line":41,"column":13},"end":{"line":41,"column":17}},"20":{"start":{"line":42,"column":2},"end":{"line":48,"column":3}},"21":{"start":{"line":43,"column":4},"end":{"line":45,"column":27}},"22":{"start":{"line":47,"column":4},"end":{"line":47,"column":19}},"23":{"start":{"line":50,"column":2},"end":{"line":54,"column":3}},"24":{"start":{"line":51,"column":4},"end":{"line":51,"column":27}},"25":{"start":{"line":53,"column":4},"end":{"line":53,"column":25}},"26":{"start":{"line":58,"column":0},"end":{"line":60,"column":2}},"27":{"start":{"line":59,"column":2},"end":{"line":59,"column":45}},"28":{"start":{"line":62,"column":0},"end":{"line":62,"column":27}}},"fnMap":{"0":{"name":"(anonymous_0)","decl":{"start":{"line":5,"column":21},"end":{"line":5,"column":22}},"loc":{"start":{"line":5,"column":47},"end":{"line":30,"column":1}},"line":5},"1":{"name":"(anonymous_1)","decl":{"start":{"line":33,"column":20},"end":{"line":33,"column":21}},"loc":{"start":{"line":33,"column":40},"end":{"line":38,"column":1}},"line":33},"2":{"name":"(anonymous_2)","decl":{"start":{"line":37,"column":21},"end":{"line":37,"column":22}},"loc":{"start":{"line":37,"column":29},"end":{"line":37,"column":42}},"line":37},"3":{"name":"(anonymous_3)","decl":{"start":{"line":40,"column":23},"end":{"line":40,"column":24}},"loc":{"start":{"line":40,"column":49},"end":{"line":55,"column":1}},"line":40},"4":{"name":"(anonymous_4)","decl":{"start":{"line":58,"column":24},"end":{"line":58,"column":25}},"loc":{"start":{"line":58,"column":38},"end":{"line":60,"column":1}},"line":58}},"branchMap":{"0":{"loc":{"start":{"line":9,"column":2},"end":{"line":13,"column":3}},"type":"if","locations":[{"start":{"line":9,"column":2},"end":{"line":13,"column":3}},{"start":{"line":9,"column":2},"end":{"line":13,"column":3}}],"line":9},"1":{"loc":{"start":{"line":50,"column":2},"end":{"line":54,"column":3}},"type":"if","locations":[{"start":{"line":50,"column":2},"end":{"line":54,"column":3}},{"start":{"line":50,"column":2},"end":{"line":54,"column":3}}],"line":50}},"s":{"0":1,"1":1,"2":1,"3":1,"4":4,"5":4,"6":4,"7":1,"8":3,"9":3,"10":3,"11":3,"12":2,"13":1,"14":1,"15":1,"16":1,"17":1,"18":1,"19":0,"20":0,"21":0,"22":0,"23":0,"24":0,"25":0,"26":1,"27":0,"28":1},"f":{"0":4,"1":1,"2":1,"3":0,"4":0},"b":{"0":[1,3],"1":[0,0]},"_coverageSchema":"1a1c01bbd47fc00a2c39e90264f33305004495a9","hash":"739a7f36de0ad2818c267e1d135506b598cabb12"}
,"C:\\Users\\P\\react\\musaProjekti\\backend\\models\\session.js": {"path":"C:\\Users\\P\\react\\musaProjekti\\backend\\models\\session.js","statementMap":{"0":{"start":{"line":1,"column":17},"end":{"line":1,"column":36}},"1":{"start":{"line":3,"column":24},"end":{"line":6,"column":19}},"2":{"start":{"line":8,"column":22},"end":{"line":21,"column":2}},"3":{"start":{"line":24,"column":0},"end":{"line":30,"column":2}},"4":{"start":{"line":26,"column":4},"end":{"line":26,"column":53}},"5":{"start":{"line":27,"column":4},"end":{"line":27,"column":29}},"6":{"start":{"line":28,"column":4},"end":{"line":28,"column":29}},"7":{"start":{"line":32,"column":16},"end":{"line":32,"column":56}},"8":{"start":{"line":34,"column":0},"end":{"line":34,"column":24}}},"fnMap":{"0":{"name":"(anonymous_0)","decl":{"start":{"line":25,"column":13},"end":{"line":25,"column":14}},"loc":{"start":{"line":25,"column":43},"end":{"line":29,"column":3}},"line":25}},"branchMap":{},"s":{"0":1,"1":1,"2":1,"3":1,"4":7,"5":7,"6":7,"7":1,"8":1},"f":{"0":7},"b":{},"_coverageSchema":"1a1c01bbd47fc00a2c39e90264f33305004495a9","hash":"4ed5f8855d4d98c5a6e656603998f8a5fc4afe3b"}
,"C:\\Users\\P\\react\\musaProjekti\\backend\\models\\user.js": {"path":"C:\\Users\\P\\react\\musaProjekti\\backend\\models\\user.js","statementMap":{"0":{"start":{"line":1,"column":17},"end":{"line":1,"column":36}},"1":{"start":{"line":2,"column":24},"end":{"line":2,"column":60}},"2":{"start":{"line":4,"column":19},"end":{"line":18,"column":2}},"3":{"start":{"line":20,"column":0},"end":{"line":20,"column":34}},"4":{"start":{"line":22,"column":0},"end":{"line":29,"column":2}},"5":{"start":{"line":24,"column":4},"end":{"line":24,"column":53}},"6":{"start":{"line":25,"column":4},"end":{"line":25,"column":29}},"7":{"start":{"line":26,"column":4},"end":{"line":26,"column":29}},"8":{"start":{"line":27,"column":4},"end":{"line":27,"column":38}},"9":{"start":{"line":31,"column":13},"end":{"line":31,"column":47}},"10":{"start":{"line":33,"column":0},"end":{"line":33,"column":21}}},"fnMap":{"0":{"name":"(anonymous_0)","decl":{"start":{"line":23,"column":13},"end":{"line":23,"column":14}},"loc":{"start":{"line":23,"column":43},"end":{"line":28,"column":3}},"line":23}},"branchMap":{},"s":{"0":1,"1":1,"2":1,"3":1,"4":1,"5":13,"6":13,"7":13,"8":13,"9":1,"10":1},"f":{"0":13},"b":{},"_coverageSchema":"1a1c01bbd47fc00a2c39e90264f33305004495a9","hash":"890cff2306d7e4b8717a91ba9a5afe9f9c313153"}
,"C:\\Users\\P\\react\\musaProjekti\\backend\\tests\\test_helper.js": {"path":"C:\\Users\\P\\react\\musaProjekti\\backend\\tests\\test_helper.js","statementMap":{"0":{"start":{"line":1,"column":13},"end":{"line":1,"column":38}},"1":{"start":{"line":2,"column":16},"end":{"line":2,"column":44}},"2":{"start":{"line":4,"column":17},"end":{"line":7,"column":1}},"3":{"start":{"line":5,"column":16},"end":{"line":5,"column":35}},"4":{"start":{"line":6,"column":2},"end":{"line":6,"column":35}},"5":{"start":{"line":6,"column":24},"end":{"line":6,"column":34}},"6":{"start":{"line":9,"column":20},"end":{"line":12,"column":1}},"7":{"start":{"line":10,"column":19},"end":{"line":10,"column":41}},"8":{"start":{"line":11,"column":2},"end":{"line":11,"column":50}},"9":{"start":{"line":11,"column":33},"end":{"line":11,"column":49}},"10":{"start":{"line":14,"column":29},"end":{"line":20,"column":1}},"11":{"start":{"line":15,"column":18},"end":{"line":15,"column":58}},"12":{"start":{"line":16,"column":2},"end":{"line":16,"column":22}},"13":{"start":{"line":17,"column":2},"end":{"line":17,"column":24}},"14":{"start":{"line":19,"column":2},"end":{"line":19,"column":31}},"15":{"start":{"line":22,"column":0},"end":{"line":26,"column":1}}},"fnMap":{"0":{"name":"(anonymous_0)","decl":{"start":{"line":4,"column":17},"end":{"line":4,"column":18}},"loc":{"start":{"line":4,"column":29},"end":{"line":7,"column":1}},"line":4},"1":{"name":"(anonymous_1)","decl":{"start":{"line":6,"column":19},"end":{"line":6,"column":20}},"loc":{"start":{"line":6,"column":24},"end":{"line":6,"column":34}},"line":6},"2":{"name":"(anonymous_2)","decl":{"start":{"line":9,"column":20},"end":{"line":9,"column":21}},"loc":{"start":{"line":9,"column":32},"end":{"line":12,"column":1}},"line":9},"3":{"name":"(anonymous_3)","decl":{"start":{"line":11,"column":22},"end":{"line":11,"column":23}},"loc":{"start":{"line":11,"column":33},"end":{"line":11,"column":49}},"line":11},"4":{"name":"(anonymous_4)","decl":{"start":{"line":14,"column":29},"end":{"line":14,"column":30}},"loc":{"start":{"line":14,"column":41},"end":{"line":20,"column":1}},"line":14}},"branchMap":{},"s":{"0":1,"1":1,"2":1,"3":8,"4":8,"5":10,"6":1,"7":6,"8":6,"9":5,"10":1,"11":0,"12":0,"13":0,"14":0,"15":1},"f":{"0":8,"1":10,"2":6,"3":5,"4":0},"b":{},"_coverageSchema":"1a1c01bbd47fc00a2c39e90264f33305004495a9","hash":"5a6f22cdf5c3d6d68c2b36718a5e2be4d30199b6"}
,"C:\\Users\\P\\react\\musaProjekti\\backend\\utils\\config.js": {"path":"C:\\Users\\P\\react\\musaProjekti\\backend\\utils\\config.js","statementMap":{"0":{"start":{"line":1,"column":0},"end":{"line":1,"column":26}},"1":{"start":{"line":3,"column":18},"end":{"line":3,"column":41}},"2":{"start":{"line":5,"column":0},"end":{"line":9,"column":1}},"3":{"start":{"line":6,"column":2},"end":{"line":6,"column":44}},"4":{"start":{"line":7,"column":7},"end":{"line":9,"column":1}},"5":{"start":{"line":8,"column":2},"end":{"line":8,"column":43}},"6":{"start":{"line":11,"column":11},"end":{"line":11,"column":27}},"7":{"start":{"line":13,"column":0},"end":{"line":15,"column":1}}},"fnMap":{},"branchMap":{"0":{"loc":{"start":{"line":5,"column":0},"end":{"line":9,"column":1}},"type":"if","locations":[{"start":{"line":5,"column":0},"end":{"line":9,"column":1}},{"start":{"line":5,"column":0},"end":{"line":9,"column":1}}],"line":5},"1":{"loc":{"start":{"line":7,"column":7},"end":{"line":9,"column":1}},"type":"if","locations":[{"start":{"line":7,"column":7},"end":{"line":9,"column":1}},{"start":{"line":7,"column":7},"end":{"line":9,"column":1}}],"line":7}},"s":{"0":1,"1":1,"2":1,"3":1,"4":0,"5":0,"6":1,"7":1},"f":{},"b":{"0":[1,0],"1":[0,0]},"_coverageSchema":"1a1c01bbd47fc00a2c39e90264f33305004495a9","hash":"a80690921f4926861b4425f16ad704c9d18e7b58"}
,"C:\\Users\\P\\react\\musaProjekti\\backend\\utils\\logger.js": {"path":"C:\\Users\\P\\react\\musaProjekti\\backend\\utils\\logger.js","statementMap":{"0":{"start":{"line":1,"column":13},"end":{"line":5,"column":1}},"1":{"start":{"line":2,"column":2},"end":{"line":4,"column":3}},"2":{"start":{"line":3,"column":4},"end":{"line":3,"column":26}},"3":{"start":{"line":7,"column":14},"end":{"line":11,"column":1}},"4":{"start":{"line":8,"column":2},"end":{"line":10,"column":3}},"5":{"start":{"line":9,"column":4},"end":{"line":9,"column":28}},"6":{"start":{"line":13,"column":0},"end":{"line":16,"column":1}}},"fnMap":{"0":{"name":"(anonymous_0)","decl":{"start":{"line":1,"column":13},"end":{"line":1,"column":14}},"loc":{"start":{"line":1,"column":28},"end":{"line":5,"column":1}},"line":1},"1":{"name":"(anonymous_1)","decl":{"start":{"line":7,"column":14},"end":{"line":7,"column":15}},"loc":{"start":{"line":7,"column":29},"end":{"line":11,"column":1}},"line":7}},"branchMap":{"0":{"loc":{"start":{"line":2,"column":2},"end":{"line":4,"column":3}},"type":"if","locations":[{"start":{"line":2,"column":2},"end":{"line":4,"column":3}},{"start":{"line":2,"column":2},"end":{"line":4,"column":3}}],"line":2},"1":{"loc":{"start":{"line":8,"column":2},"end":{"line":10,"column":3}},"type":"if","locations":[{"start":{"line":8,"column":2},"end":{"line":10,"column":3}},{"start":{"line":8,"column":2},"end":{"line":10,"column":3}}],"line":8}},"s":{"0":1,"1":54,"2":0,"3":1,"4":3,"5":0,"6":1},"f":{"0":54,"1":3},"b":{"0":[0,54],"1":[0,3]},"_coverageSchema":"1a1c01bbd47fc00a2c39e90264f33305004495a9","hash":"a6a87f2bc6ab55236bce4180f9edbc355c78604c"}
,"C:\\Users\\P\\react\\musaProjekti\\backend\\utils\\middleware.js": {"path":"C:\\Users\\P\\react\\musaProjekti\\backend\\utils\\middleware.js","statementMap":{"0":{"start":{"line":1,"column":15},"end":{"line":1,"column":34}},"1":{"start":{"line":3,"column":22},"end":{"line":9,"column":1}},"2":{"start":{"line":4,"column":2},"end":{"line":4,"column":40}},"3":{"start":{"line":5,"column":2},"end":{"line":5,"column":38}},"4":{"start":{"line":6,"column":2},"end":{"line":6,"column":38}},"5":{"start":{"line":7,"column":2},"end":{"line":7,"column":20}},"6":{"start":{"line":8,"column":2},"end":{"line":8,"column":8}},"7":{"start":{"line":11,"column":24},"end":{"line":15,"column":1}},"8":{"start":{"line":12,"column":2},"end":{"line":14,"column":4}},"9":{"start":{"line":17,"column":21},"end":{"line":37,"column":1}},"10":{"start":{"line":18,"column":2},"end":{"line":18,"column":52}},"11":{"start":{"line":20,"column":2},"end":{"line":32,"column":3}},"12":{"start":{"line":21,"column":4},"end":{"line":23,"column":6}},"13":{"start":{"line":24,"column":9},"end":{"line":32,"column":3}},"14":{"start":{"line":25,"column":4},"end":{"line":27,"column":6}},"15":{"start":{"line":28,"column":9},"end":{"line":32,"column":3}},"16":{"start":{"line":29,"column":4},"end":{"line":31,"column":6}},"17":{"start":{"line":34,"column":2},"end":{"line":34,"column":29}},"18":{"start":{"line":36,"column":2},"end":{"line":36,"column":13}},"19":{"start":{"line":39,"column":0},"end":{"line":43,"column":1}}},"fnMap":{"0":{"name":"(anonymous_0)","decl":{"start":{"line":3,"column":22},"end":{"line":3,"column":23}},"loc":{"start":{"line":3,"column":51},"end":{"line":9,"column":1}},"line":3},"1":{"name":"(anonymous_1)","decl":{"start":{"line":11,"column":24},"end":{"line":11,"column":25}},"loc":{"start":{"line":11,"column":38},"end":{"line":15,"column":1}},"line":11},"2":{"name":"(anonymous_2)","decl":{"start":{"line":17,"column":21},"end":{"line":17,"column":22}},"loc":{"start":{"line":17,"column":48},"end":{"line":37,"column":1}},"line":17}},"branchMap":{"0":{"loc":{"start":{"line":20,"column":2},"end":{"line":32,"column":3}},"type":"if","locations":[{"start":{"line":20,"column":2},"end":{"line":32,"column":3}},{"start":{"line":20,"column":2},"end":{"line":32,"column":3}}],"line":20},"1":{"loc":{"start":{"line":24,"column":9},"end":{"line":32,"column":3}},"type":"if","locations":[{"start":{"line":24,"column":9},"end":{"line":32,"column":3}},{"start":{"line":24,"column":9},"end":{"line":32,"column":3}}],"line":24},"2":{"loc":{"start":{"line":28,"column":9},"end":{"line":32,"column":3}},"type":"if","locations":[{"start":{"line":28,"column":9},"end":{"line":32,"column":3}},{"start":{"line":28,"column":9},"end":{"line":32,"column":3}}],"line":28}},"s":{"0":1,"1":1,"2":13,"3":13,"4":13,"5":13,"6":13,"7":1,"8":0,"9":1,"10":3,"11":3,"12":0,"13":3,"14":1,"15":2,"16":2,"17":0,"18":0,"19":1},"f":{"0":13,"1":0,"2":3},"b":{"0":[0,3],"1":[1,2],"2":[2,0]},"_coverageSchema":"1a1c01bbd47fc00a2c39e90264f33305004495a9","hash":"927103c1b38b63954e1f1d904f296fdeecc9c42a"}
}
