TN:
SF:app.js
FN:17,(anonymous_0)
FN:20,(anonymous_1)
FNF:2
FNH:1
FNDA:1,(anonymous_0)
FNDA:0,(anonymous_1)
DA:1,1
DA:2,1
DA:3,1
DA:4,1
DA:6,1
DA:7,1
DA:8,1
DA:10,1
DA:11,1
DA:12,1
DA:14,1
DA:16,1
DA:18,1
DA:21,0
DA:24,1
DA:25,1
DA:26,1
DA:28,1
DA:30,1
DA:31,1
DA:32,1
DA:34,1
DA:35,1
DA:36,1
DA:39,1
DA:40,1
DA:42,1
LF:27
LH:26
BRDA:34,0,0,1
BRDA:34,0,1,0
BRF:2
BRH:1
end_of_record
TN:
SF:controllers\login.js
FN:7,(anonymous_0)
FNF:1
FNH:1
FNDA:4,(anonymous_0)
DA:1,1
DA:2,1
DA:3,1
DA:5,1
DA:7,1
DA:9,4
DA:11,4
DA:14,4
DA:18,4
DA:19,2
DA:25,2
DA:30,2
DA:32,2
DA:37,1
LF:14
LH:14
BRDA:14,0,0,3
BRDA:14,0,1,1
BRDA:18,1,0,2
BRDA:18,1,1,2
BRDA:18,2,0,4
BRDA:18,2,1,3
BRF:6
BRH:6
end_of_record
TN:
SF:controllers\sessions.js
FN:6,(anonymous_0)
FN:15,(anonymous_1)
FN:70,(anonymous_2)
FN:74,(anonymous_3)
FN:78,(anonymous_4)
FNF:5
FNH:4
FNDA:3,(anonymous_0)
FNDA:3,(anonymous_1)
FNDA:1,(anonymous_2)
FNDA:5,(anonymous_3)
FNDA:0,(anonymous_4)
DA:1,1
DA:2,1
DA:3,1
DA:4,1
DA:6,1
DA:7,3
DA:8,3
DA:9,1
DA:12,2
DA:15,1
DA:16,3
DA:18,3
DA:19,0
DA:24,3
DA:26,3
DA:28,3
DA:29,1
DA:30,0
DA:32,1
DA:34,1
DA:42,1
DA:43,1
DA:44,1
DA:46,1
DA:48,2
DA:70,1
DA:71,1
DA:74,5
DA:78,1
DA:79,0
DA:82,1
LF:31
LH:28
BRDA:8,0,0,1
BRDA:8,0,1,2
BRDA:8,1,0,3
BRDA:8,1,1,2
BRDA:18,2,0,0
BRDA:18,2,1,3
BRDA:29,3,0,0
BRDA:29,3,1,1
BRDA:29,4,0,1
BRDA:29,4,1,1
BRDA:36,5,0,1
BRDA:36,5,1,0
BRDA:37,6,0,1
BRDA:37,6,1,1
BRDA:38,7,0,1
BRDA:38,7,1,0
BRF:16
BRH:12
end_of_record
TN:
SF:controllers\testing.js
FN:5,(anonymous_0)
FNF:1
FNH:0
FNDA:0,(anonymous_0)
DA:1,1
DA:2,1
DA:3,1
DA:5,1
DA:6,0
DA:7,0
DA:9,0
DA:12,1
LF:8
LH:5
BRF:0
BRH:0
end_of_record
TN:
SF:controllers\users.js
FN:5,(anonymous_0)
FN:33,(anonymous_1)
FN:37,(anonymous_2)
FN:40,(anonymous_3)
FN:58,(anonymous_4)
FNF:5
FNH:3
FNDA:4,(anonymous_0)
FNDA:1,(anonymous_1)
FNDA:1,(anonymous_2)
FNDA:0,(anonymous_3)
FNDA:0,(anonymous_4)
DA:1,1
DA:2,1
DA:3,1
DA:5,1
DA:6,4
DA:7,4
DA:9,4
DA:10,1
DA:15,3
DA:17,3
DA:23,3
DA:24,3
DA:25,2
DA:27,1
DA:33,1
DA:34,1
DA:37,1
DA:40,1
DA:41,0
DA:42,0
DA:43,0
DA:47,0
DA:50,0
DA:51,0
DA:53,0
DA:58,1
DA:59,0
DA:62,1
LF:28
LH:20
BRDA:9,0,0,1
BRDA:9,0,1,3
BRDA:50,1,0,0
BRDA:50,1,1,0
BRF:4
BRH:2
end_of_record
TN:
SF:models\session.js
FN:25,(anonymous_0)
FNF:1
FNH:1
FNDA:35,(anonymous_0)
DA:1,1
DA:3,1
DA:8,1
DA:24,1
DA:26,35
DA:27,35
DA:28,35
DA:32,1
DA:34,1
LF:9
LH:9
BRF:0
BRH:0
end_of_record
TN:
SF:models\user.js
FN:23,(anonymous_0)
FNF:1
FNH:1
FNDA:13,(anonymous_0)
DA:1,1
DA:2,1
DA:4,1
DA:20,1
DA:22,1
DA:24,13
DA:25,13
DA:26,13
DA:27,13
DA:31,1
DA:33,1
LF:11
LH:11
BRF:0
BRH:0
end_of_record
TN:
SF:tests\test_helper.js
FN:4,(anonymous_0)
FN:6,(anonymous_1)
FN:9,(anonymous_2)
FN:11,(anonymous_3)
FN:14,(anonymous_4)
FNF:5
FNH:4
FNDA:8,(anonymous_0)
FNDA:10,(anonymous_1)
FNDA:6,(anonymous_2)
FNDA:29,(anonymous_3)
FNDA:0,(anonymous_4)
DA:1,1
DA:2,1
DA:4,1
DA:5,8
DA:6,10
DA:9,1
DA:10,6
DA:11,29
DA:14,1
DA:15,0
DA:16,0
DA:17,0
DA:19,0
DA:22,1
LF:14
LH:10
BRF:0
BRH:0
end_of_record
TN:
SF:utils\config.js
FNF:0
FNH:0
DA:1,1
DA:3,1
DA:4,1
DA:6,1
DA:8,1
DA:9,0
DA:10,0
DA:13,1
DA:15,1
LF:9
LH:7
BRDA:6,0,0,1
BRDA:6,0,1,0
BRDA:9,1,0,0
BRDA:9,1,1,0
BRF:4
BRH:1
end_of_record
TN:
SF:utils\logger.js
FN:1,(anonymous_0)
FN:7,(anonymous_1)
FNF:2
FNH:2
FNDA:54,(anonymous_0)
FNDA:3,(anonymous_1)
DA:1,1
DA:2,54
DA:3,0
DA:7,1
DA:8,3
DA:9,0
DA:13,1
LF:7
LH:5
BRDA:2,0,0,0
BRDA:2,0,1,54
BRDA:8,1,0,0
BRDA:8,1,1,3
BRF:4
BRH:2
end_of_record
TN:
SF:utils\middleware.js
FN:3,(anonymous_0)
FN:11,(anonymous_1)
FN:17,(anonymous_2)
FNF:3
FNH:2
FNDA:13,(anonymous_0)
FNDA:0,(anonymous_1)
FNDA:3,(anonymous_2)
DA:1,1
DA:3,1
DA:4,13
DA:5,13
DA:6,13
DA:7,13
DA:8,13
DA:11,1
DA:12,0
DA:17,1
DA:18,3
DA:20,3
DA:21,0
DA:24,3
DA:25,1
DA:28,2
DA:29,2
DA:34,0
DA:36,0
DA:39,1
LF:20
LH:16
BRDA:20,0,0,0
BRDA:20,0,1,3
BRDA:24,1,0,1
BRDA:24,1,1,2
BRDA:28,2,0,2
BRDA:28,2,1,0
BRF:6
BRH:4
end_of_record
